2018-01-25 13:23:09 INFO  ApacheHttpClient.sendEvent(450) - responseCode = 200
2018-01-25 13:24:09 INFO  ApacheHttpClient.sendEvent(450) - responseCode = 200
2018-01-25 13:25:09 INFO  ApacheHttpClient.sendEvent(450) - responseCode = 200
2018-01-25 13:26:09 INFO  ApacheHttpClient.sendEvent(450) - responseCode = 200
2018-01-25 13:27:09 INFO  ApacheHttpClient.sendEvent(450) - responseCode = 200
2018-01-25 13:28:09 INFO  ApacheHttpClient.sendEvent(450) - responseCode = 200
2018-01-25 13:29:09 INFO  ApacheHttpClient.sendEvent(450) - responseCode = 200
2018-01-25 13:30:09 INFO  ApacheHttpClient.sendEvent(450) - responseCode = 200
2018-01-25 13:31:09 INFO  ApacheHttpClient.sendEvent(450) - responseCode = 200
2018-01-25 13:32:09 INFO  ApacheHttpClient.sendEvent(450) - responseCode = 200
2018-01-25 13:33:09 INFO  ApacheHttpClient.sendEvent(450) - responseCode = 200
2018-01-25 13:34:09 INFO  ApacheHttpClient.sendEvent(450) - responseCode = 200
2018-01-25 13:35:09 INFO  ApacheHttpClient.sendEvent(450) - responseCode = 200
2018-01-25 13:36:09 INFO  ApacheHttpClient.sendEvent(450) - responseCode = 200
2018-01-25 13:37:09 INFO  ApacheHttpClient.sendEvent(450) - responseCode = 200
2018-01-25 13:38:09 INFO  ApacheHttpClient.sendEvent(450) - responseCode = 200
2018-01-25 13:39:09 INFO  ApacheHttpClient.sendEvent(450) - responseCode = 200
2018-01-25 13:40:09 INFO  ApacheHttpClient.sendEvent(450) - responseCode = 200
2018-01-25 13:41:09 INFO  ApacheHttpClient.sendEvent(450) - responseCode = 200
2018-01-25 13:42:09 INFO  ApacheHttpClient.sendEvent(450) - responseCode = 200
2018-01-25 13:43:09 INFO  ApacheHttpClient.sendEvent(450) - responseCode = 200
2018-01-25 13:44:09 INFO  ApacheHttpClient.sendEvent(450) - responseCode = 200
2018-01-25 13:45:09 INFO  ApacheHttpClient.sendEvent(450) - responseCode = 200
2018-01-25 13:46:09 INFO  ApacheHttpClient.sendEvent(450) - responseCode = 200
2018-01-25 13:47:09 INFO  ApacheHttpClient.sendEvent(450) - responseCode = 200
2018-01-25 13:48:09 INFO  ApacheHttpClient.sendEvent(450) - responseCode = 200
2018-01-25 13:49:09 INFO  ApacheHttpClient.sendEvent(450) - responseCode = 200
2018-01-25 13:50:09 INFO  ApacheHttpClient.sendEvent(450) - responseCode = 200
2018-01-25 13:51:09 INFO  ApacheHttpClient.sendEvent(450) - responseCode = 200
2018-01-25 13:52:09 INFO  ApacheHttpClient.sendEvent(450) - responseCode = 200
2018-01-25 13:53:09 INFO  ApacheHttpClient.sendEvent(450) - responseCode = 200
2018-01-25 13:54:09 INFO  ApacheHttpClient.sendEvent(450) - responseCode = 200
2018-01-25 13:55:09 INFO  ApacheHttpClient.sendEvent(450) - responseCode = 200
2018-01-25 13:56:05 INFO  ApacheHttpClient.testConnection(178) - responseCode = 200
2018-01-25 13:56:05 INFO  ApacheHttpClient.testConnection(185) - result = true
2018-01-25 13:56:09 INFO  ApacheHttpClient.sendEvent(450) - responseCode = 200
2018-01-25 13:57:09 INFO  ApacheHttpClient.sendEvent(450) - responseCode = 200
2018-01-25 13:58:09 INFO  ApacheHttpClient.sendEvent(450) - responseCode = 200
2018-01-25 13:59:09 INFO  ApacheHttpClient.sendEvent(450) - responseCode = 200
2018-01-25 14:00:09 INFO  ApacheHttpClient.sendEvent(450) - responseCode = 200
2018-01-25 14:01:09 INFO  ApacheHttpClient.sendEvent(450) - responseCode = 200
2018-01-25 14:01:10 INFO  ApacheHttpClient.getWebResourceAsStream(420) - responseCode = 200
2018-01-25 14:01:11 INFO  ApacheHttpClient.getWebResourceAsStream(420) - responseCode = 200
2018-01-25 14:01:11 INFO  ApacheHttpClient.getTask(405) - responseCode = 200
2018-01-25 14:01:12 INFO  ApacheHttpClient.completed(27) - responseCode = 200
2018-01-25 14:02:09 INFO  ApacheHttpClient.sendEvent(450) - responseCode = 200
2018-01-25 14:03:09 INFO  ApacheHttpClient.sendEvent(450) - responseCode = 200
2018-01-25 14:04:09 INFO  ApacheHttpClient.sendEvent(450) - responseCode = 200
2018-01-25 14:05:09 INFO  ApacheHttpClient.sendEvent(450) - responseCode = 200
2018-01-25 14:06:09 INFO  ApacheHttpClient.sendEvent(450) - responseCode = 200
2018-01-25 14:07:02 INFO  ApacheHttpClient.getWebResourceAsStream(420) - responseCode = 200
2018-01-25 14:07:02 INFO  ApacheHttpClient.getTask(405) - responseCode = 200
2018-01-25 14:07:03 INFO  ApacheHttpClient.getWebResourceAsStream(420) - responseCode = 200
2018-01-25 14:07:03 INFO  ApacheHttpClient.completed(27) - responseCode = 200
2018-01-25 14:07:04 INFO  ApacheHttpClient.getTask(405) - responseCode = 200
2018-01-25 14:07:09 INFO  ApacheHttpClient.sendEvent(450) - responseCode = 200
2018-01-25 14:07:11 INFO  ApacheHttpClient.getWebResourceAsStream(420) - responseCode = 200
2018-01-25 14:07:11 INFO  ApacheHttpClient.getFilteredTasks(307) - responseCode = 200
2018-01-25 14:07:15 INFO  ApacheHttpClient.getTaskTemplateInfo(324) - responseCode = 200
2018-01-25 14:07:16 INFO  ApacheHttpClient.testConnection(178) - responseCode = 200
2018-01-25 14:07:16 INFO  ApacheHttpClient.testConnection(185) - result = true
2018-01-25 14:07:16 INFO  ApacheHttpClient.testConnection(178) - responseCode = 200
2018-01-25 14:07:16 INFO  ApacheHttpClient.testConnection(185) - result = true
2018-01-25 14:07:16 INFO  ApacheHttpClient.getWebResourceAsStream(420) - responseCode = 200
2018-01-25 14:07:40 INFO  ApacheHttpClient.getWebResourceAsStream(420) - responseCode = 200
2018-01-25 14:07:40 INFO  ApacheHttpClient.getTask(405) - responseCode = 200
2018-01-25 14:07:40 INFO  ApacheHttpClient.getWebResourceAsStream(420) - responseCode = 200
2018-01-25 14:07:42 INFO  ApacheHttpClient.completed(27) - responseCode = 200
2018-01-25 14:07:42 INFO  ApacheHttpClient.getTask(405) - responseCode = 200
2018-01-25 14:07:45 INFO  ApacheHttpClient.getWebResourceAsStream(420) - responseCode = 200
2018-01-25 14:07:45 INFO  ApacheHttpClient.getFilteredTasks(307) - responseCode = 200
2018-01-25 14:07:47 INFO  ApacheHttpClient.getTaskTemplateInfo(324) - responseCode = 200
2018-01-25 14:07:48 INFO  ApacheHttpClient.testConnection(178) - responseCode = 200
2018-01-25 14:07:48 INFO  ApacheHttpClient.testConnection(185) - result = true
2018-01-25 14:07:48 INFO  ApacheHttpClient.testConnection(178) - responseCode = 200
2018-01-25 14:07:48 INFO  ApacheHttpClient.testConnection(185) - result = true
2018-01-25 14:07:48 INFO  ApacheHttpClient.getWebResourceAsStream(420) - responseCode = 200
2018-01-25 14:07:51 INFO  ApacheHttpClient.testConnection(178) - responseCode = 200
2018-01-25 14:07:51 INFO  ApacheHttpClient.testConnection(185) - result = true
2018-01-25 14:07:52 INFO  ApacheHttpClient.testConnection(178) - responseCode = 200
2018-01-25 14:07:52 INFO  ApacheHttpClient.testConnection(185) - result = true
2018-01-25 14:07:52 INFO  ApacheHttpClient.getWebResourceAsStream(420) - responseCode = 200
2018-01-25 14:08:09 INFO  ApacheHttpClient.sendEvent(450) - responseCode = 200
2018-01-25 14:09:09 INFO  ApacheHttpClient.sendEvent(450) - responseCode = 200
2018-01-25 14:09:39 INFO  ApacheHttpClient.getWebResourceAsStream(420) - responseCode = 200
2018-01-25 14:09:39 INFO  ApacheHttpClient.getFilteredTasks(307) - responseCode = 200
2018-01-25 14:09:41 INFO  ApacheHttpClient.getTaskTemplateInfo(324) - responseCode = 200
2018-01-25 14:09:42 INFO  ApacheHttpClient.testConnection(178) - responseCode = 200
2018-01-25 14:09:42 INFO  ApacheHttpClient.testConnection(185) - result = true
2018-01-25 14:09:42 INFO  ApacheHttpClient.testConnection(178) - responseCode = 200
2018-01-25 14:09:42 INFO  ApacheHttpClient.testConnection(185) - result = true
2018-01-25 14:09:42 INFO  ApacheHttpClient.getWebResourceAsStream(420) - responseCode = 200
2018-01-25 14:09:51 INFO  ApacheHttpClient.getWebResourceAsStream(420) - responseCode = 200
2018-01-25 14:09:52 INFO  ApacheHttpClient.getTask(405) - responseCode = 200
2018-01-25 14:09:52 INFO  ApacheHttpClient.getWebResourceAsStream(420) - responseCode = 200
2018-01-25 14:09:53 INFO  ApacheHttpClient.completed(27) - responseCode = 200
2018-01-25 14:10:09 INFO  ApacheHttpClient.sendEvent(450) - responseCode = 200
2018-01-25 14:11:09 INFO  ApacheHttpClient.sendEvent(450) - responseCode = 200
2018-01-25 14:12:09 INFO  ApacheHttpClient.sendEvent(450) - responseCode = 200
2018-01-25 14:13:09 INFO  ApacheHttpClient.sendEvent(450) - responseCode = 200
2018-01-25 14:14:09 INFO  ApacheHttpClient.sendEvent(450) - responseCode = 200
2018-01-25 14:14:13 INFO  ApacheHttpClient.getWebResourceAsStream(420) - responseCode = 200
2018-01-25 14:14:13 INFO  ApacheHttpClient.getTask(405) - responseCode = 200
2018-01-25 14:14:14 INFO  ApacheHttpClient.getWebResourceAsStream(420) - responseCode = 200
2018-01-25 14:14:15 INFO  ApacheHttpClient.completed(27) - responseCode = 200
2018-01-25 14:15:09 INFO  ApacheHttpClient.sendEvent(450) - responseCode = 200
2018-01-25 14:15:32 INFO  ApacheHttpClient.getWebResourceAsStream(420) - responseCode = 200
2018-01-25 14:15:33 INFO  ApacheHttpClient.getTask(405) - responseCode = 200
2018-01-25 14:15:33 INFO  ApacheHttpClient.getWebResourceAsStream(420) - responseCode = 200
2018-01-25 14:15:34 INFO  ApacheHttpClient.completed(27) - responseCode = 200
2018-01-25 14:16:09 INFO  ApacheHttpClient.sendEvent(450) - responseCode = 200
2018-01-25 14:16:41 INFO  ApacheHttpClient.getWebResourceAsStream(420) - responseCode = 200
2018-01-25 14:16:41 INFO  ApacheHttpClient.getTask(405) - responseCode = 200
2018-01-25 14:16:42 INFO  ApacheHttpClient.getWebResourceAsStream(420) - responseCode = 200
2018-01-25 14:16:42 INFO  ApacheHttpClient.completed(27) - responseCode = 200
2018-01-25 14:16:46 INFO  ApacheHttpClient.getWebResourceAsStream(420) - responseCode = 200
2018-01-25 14:16:46 INFO  ApacheHttpClient.getTask(405) - responseCode = 200
2018-01-25 14:16:47 INFO  ApacheHttpClient.getWebResourceAsStream(420) - responseCode = 200
2018-01-25 14:16:48 INFO  ApacheHttpClient.completed(27) - responseCode = 200
2018-01-25 14:17:08 INFO  ApacheHttpClient.getWebResourceAsStream(420) - responseCode = 200
2018-01-25 14:17:09 INFO  ApacheHttpClient.getTask(405) - responseCode = 200
2018-01-25 14:17:09 INFO  ApacheHttpClient.sendEvent(450) - responseCode = 200
2018-01-25 14:17:09 INFO  ApacheHttpClient.getWebResourceAsStream(420) - responseCode = 200
2018-01-25 14:17:10 INFO  ApacheHttpClient.completed(27) - responseCode = 200
2018-01-25 14:17:57 INFO  ApacheHttpClient.getWebResourceAsStream(420) - responseCode = 200
2018-01-25 14:17:57 INFO  ApacheHttpClient.getTask(405) - responseCode = 200
2018-01-25 14:17:58 INFO  ApacheHttpClient.getWebResourceAsStream(420) - responseCode = 200
2018-01-25 14:17:59 INFO  ApacheHttpClient.completed(27) - responseCode = 200
2018-01-25 14:17:59 INFO  ApacheHttpClient.getTask(405) - responseCode = 200
2018-01-25 14:18:09 INFO  ApacheHttpClient.sendEvent(450) - responseCode = 200
2018-01-25 14:19:09 ERROR ApacheHttpClient.processExceptionSendEvent(103) - (super) Ошибка во время отправки ивента на сервер.
2018-01-25 14:20:09 INFO  ApacheHttpClient.sendEvent(450) - responseCode = 200
2018-01-25 14:21:09 INFO  ApacheHttpClient.sendEvent(450) - responseCode = 200
2018-01-25 14:22:09 INFO  ApacheHttpClient.sendEvent(450) - responseCode = 200
2018-01-25 14:22:22 INFO  ApacheHttpClient.getWebResourceAsStream(420) - responseCode = 200
2018-01-25 14:22:22 INFO  ApacheHttpClient.getFilteredTasks(307) - responseCode = 200
2018-01-25 14:22:24 INFO  ApacheHttpClient.getTaskTemplateInfo(324) - responseCode = 200
2018-01-25 14:22:26 INFO  ApacheHttpClient.testConnection(178) - responseCode = 200
2018-01-25 14:22:26 INFO  ApacheHttpClient.testConnection(185) - result = true
2018-01-25 14:22:26 INFO  ApacheHttpClient.testConnection(178) - responseCode = 200
2018-01-25 14:22:26 INFO  ApacheHttpClient.testConnection(185) - result = true
2018-01-25 14:22:26 INFO  ApacheHttpClient.getWebResourceAsStream(420) - responseCode = 200
2018-01-25 14:23:09 INFO  ApacheHttpClient.sendEvent(450) - responseCode = 200
2018-01-25 14:23:42 INFO  ApacheHttpClient.getWebResourceAsStream(420) - responseCode = 200
2018-01-25 14:23:42 INFO  ApacheHttpClient.getTask(405) - responseCode = 200
2018-01-25 14:23:43 INFO  ApacheHttpClient.getWebResourceAsStream(420) - responseCode = 200
2018-01-25 14:23:43 INFO  ApacheHttpClient.completed(27) - responseCode = 200
2018-01-25 14:23:44 INFO  ApacheHttpClient.getTask(405) - responseCode = 200
2018-01-25 14:23:47 INFO  ApacheHttpClient.getWebResourceAsStream(420) - responseCode = 200
2018-01-25 14:23:47 INFO  ApacheHttpClient.getFilteredTasks(307) - responseCode = 200
2018-01-25 14:23:59 INFO  ApacheHttpClient.getTaskTemplateInfo(324) - responseCode = 200
2018-01-25 14:24:01 INFO  ApacheHttpClient.testConnection(178) - responseCode = 200
2018-01-25 14:24:01 INFO  ApacheHttpClient.testConnection(185) - result = true
2018-01-25 14:24:01 INFO  ApacheHttpClient.testConnection(178) - responseCode = 200
2018-01-25 14:24:01 INFO  ApacheHttpClient.testConnection(185) - result = true
2018-01-25 14:24:01 INFO  ApacheHttpClient.getWebResourceAsStream(420) - responseCode = 200
2018-01-25 14:24:09 INFO  ApacheHttpClient.sendEvent(450) - responseCode = 200
2018-01-25 14:24:49 INFO  ApacheHttpClient.getWebResourceAsStream(420) - responseCode = 200
2018-01-25 14:24:49 INFO  ApacheHttpClient.getTask(405) - responseCode = 200
2018-01-25 14:24:50 INFO  ApacheHttpClient.getWebResourceAsStream(420) - responseCode = 200
2018-01-25 14:24:50 INFO  ApacheHttpClient.completed(27) - responseCode = 200
2018-01-25 14:24:51 INFO  ApacheHttpClient.getTask(405) - responseCode = 200
2018-01-25 14:24:55 INFO  ApacheHttpClient.getWebResourceAsStream(420) - responseCode = 200
2018-01-25 14:24:55 INFO  ApacheHttpClient.getFilteredTasks(307) - responseCode = 200
2018-01-25 14:25:09 INFO  ApacheHttpClient.sendEvent(450) - responseCode = 200
2018-01-25 14:26:09 INFO  ApacheHttpClient.sendEvent(450) - responseCode = 200
2018-01-25 14:27:09 INFO  ApacheHttpClient.sendEvent(450) - responseCode = 200
2018-01-25 14:28:09 INFO  ApacheHttpClient.sendEvent(450) - responseCode = 200
2018-01-25 14:29:09 INFO  ApacheHttpClient.sendEvent(450) - responseCode = 200
2018-01-25 14:30:09 INFO  ApacheHttpClient.sendEvent(450) - responseCode = 200
2018-01-25 14:31:14 ERROR ApacheHttpClient.processExceptionSendEvent(103) - (super) Ошибка во время отправки ивента на сервер.
2018-01-25 14:32:09 INFO  ApacheHttpClient.sendEvent(450) - responseCode = 200
2018-01-25 14:33:09 INFO  ApacheHttpClient.sendEvent(450) - responseCode = 200
2018-01-25 14:34:09 INFO  ApacheHttpClient.sendEvent(450) - responseCode = 200
